[0.895s] Invoking command in '/home/dongri/ros_training_ws/training2/src/training2_dwa': PYTHONPATH=/home/dongri/ros_training_ws/training2/install/training2_dwa/lib/python3.6/site-packages:${PYTHONPATH} /usr/bin/python3 setup.py egg_info --egg-base ../../build/training2_dwa build --build-base /home/dongri/ros_training_ws/training2/build/training2_dwa/build install --prefix /home/dongri/ros_training_ws/training2/install/training2_dwa --record /home/dongri/ros_training_ws/training2/build/training2_dwa/install.log --single-version-externally-managed
[1.007s] running egg_info
[1.007s] writing ../../build/training2_dwa/training2_dwa.egg-info/PKG-INFO
[1.008s] writing dependency_links to ../../build/training2_dwa/training2_dwa.egg-info/dependency_links.txt
[1.008s] writing entry points to ../../build/training2_dwa/training2_dwa.egg-info/entry_points.txt
[1.008s] writing requirements to ../../build/training2_dwa/training2_dwa.egg-info/requires.txt
[1.008s] writing top-level names to ../../build/training2_dwa/training2_dwa.egg-info/top_level.txt
[1.026s] reading manifest file '../../build/training2_dwa/training2_dwa.egg-info/SOURCES.txt'
[1.026s] writing manifest file '../../build/training2_dwa/training2_dwa.egg-info/SOURCES.txt'
[1.027s] running build
[1.027s] running build_py
[1.027s] copying training2_dwa/turtle_dwa.py -> /home/dongri/ros_training_ws/training2/build/training2_dwa/build/lib/training2_dwa
[1.027s] running install
[1.027s] running install_lib
[1.027s] copying /home/dongri/ros_training_ws/training2/build/training2_dwa/build/lib/training2_dwa/turtle_dwa.py -> /home/dongri/ros_training_ws/training2/install/training2_dwa/lib/python3.6/site-packages/training2_dwa
[1.028s] byte-compiling /home/dongri/ros_training_ws/training2/install/training2_dwa/lib/python3.6/site-packages/training2_dwa/turtle_dwa.py to turtle_dwa.cpython-36.pyc
[1.029s] running install_data
[1.029s] running install_egg_info
[1.030s] removing '/home/dongri/ros_training_ws/training2/install/training2_dwa/lib/python3.6/site-packages/training2_dwa-0.0.0-py3.6.egg-info' (and everything under it)
[1.031s] Copying ../../build/training2_dwa/training2_dwa.egg-info to /home/dongri/ros_training_ws/training2/install/training2_dwa/lib/python3.6/site-packages/training2_dwa-0.0.0-py3.6.egg-info
[1.031s] running install_scripts
[1.042s] Installing turtle_dwa script to /home/dongri/ros_training_ws/training2/install/training2_dwa/lib/training2_dwa
[1.043s] writing list of installed files to '/home/dongri/ros_training_ws/training2/build/training2_dwa/install.log'
[1.055s] Invoked command in '/home/dongri/ros_training_ws/training2/src/training2_dwa' returned '0': PYTHONPATH=/home/dongri/ros_training_ws/training2/install/training2_dwa/lib/python3.6/site-packages:${PYTHONPATH} /usr/bin/python3 setup.py egg_info --egg-base ../../build/training2_dwa build --build-base /home/dongri/ros_training_ws/training2/build/training2_dwa/build install --prefix /home/dongri/ros_training_ws/training2/install/training2_dwa --record /home/dongri/ros_training_ws/training2/build/training2_dwa/install.log --single-version-externally-managed
