[0.008s] Invoking command in '/home/dongri/ros_training_ws/training1/build/turtle_msg': CMAKE_PREFIX_PATH=/opt/ros/dashing /usr/bin/cmake /home/dongri/ros_training_ws/training1/src/turtle_msg -DCMAKE_INSTALL_PREFIX=/home/dongri/ros_training_ws/training1/install/turtle_msg
[0.040s] -- The C compiler identification is GNU 7.5.0
[0.070s] -- The CXX compiler identification is GNU 7.5.0
[0.072s] -- Check for working C compiler: /usr/bin/cc
[0.116s] -- Check for working C compiler: /usr/bin/cc -- works
[0.116s] -- Detecting C compiler ABI info
[0.161s] -- Detecting C compiler ABI info - done
[0.164s] -- Detecting C compile features
[0.349s] -- Detecting C compile features - done
[0.351s] -- Check for working CXX compiler: /usr/bin/c++
[0.429s] -- Check for working CXX compiler: /usr/bin/c++ -- works
[0.429s] -- Detecting CXX compiler ABI info
[0.491s] -- Detecting CXX compiler ABI info - done
[0.493s] -- Detecting CXX compile features
[0.754s] -- Detecting CXX compile features - done
[0.755s] -- Found ament_cmake: 0.7.6 (/opt/ros/dashing/share/ament_cmake/cmake)
[0.776s] -- Found PythonInterp: /usr/bin/python3 (found suitable version "3.6.9", minimum required is "3") 
[0.776s] -- Using PYTHON_EXECUTABLE: /usr/bin/python3
[0.879s] -- Found rclcpp: 0.7.16 (/opt/ros/dashing/share/rclcpp/cmake)
[0.889s] -- Found rosidl_adapter: 0.7.10 (/opt/ros/dashing/share/rosidl_adapter/cmake)
[0.909s] -- Found rmw_implementation_cmake: 0.7.2 (/opt/ros/dashing/share/rmw_implementation_cmake/cmake)
[0.910s] -- Using RMW implementation 'rmw_fastrtps_cpp' as default
[0.910s] -- Looking for pthread.h
[0.952s] -- Looking for pthread.h - found
[0.952s] -- Looking for pthread_create
[1.002s] -- Looking for pthread_create - not found
[1.002s] -- Looking for pthread_create in pthreads
[1.043s] -- Looking for pthread_create in pthreads - not found
[1.043s] -- Looking for pthread_create in pthread
[1.085s] -- Looking for pthread_create in pthread - found
[1.086s] -- Found Threads: TRUE  
[1.101s] -- Found std_msgs: 0.7.1 (/opt/ros/dashing/share/std_msgs/cmake)
[1.105s] -- Found rosidl_default_generators: 0.7.0 (/opt/ros/dashing/share/rosidl_default_generators/cmake)
[1.140s] -- Found OpenSSL: /usr/lib/x86_64-linux-gnu/libcrypto.so (found version "1.1.1") 
[1.152s] -- Found FastRTPS: /opt/ros/dashing/include  
[1.192s] -- Found PythonInterp: /usr/bin/python3 (found version "3.6.9") 
[1.265s] -- Using single matching rosidl_typesupport_c: rosidl_typesupport_fastrtps_c
[1.266s] -- Using single matching rosidl_typesupport_cpp: rosidl_typesupport_fastrtps_cpp
[1.321s] -- Found PythonInterp: /usr/bin/python3 (found suitable version "3.6.9", minimum required is "3.5") 
[1.322s] -- Found python_cmake_module: 0.7.11 (/opt/ros/dashing/share/python_cmake_module/cmake)
[1.338s] -- Found PythonLibs: /usr/lib/x86_64-linux-gnu/libpython3.6m.so (found suitable version "3.6.9", minimum required is "3.5") 
[1.338s] -- Using PYTHON_EXECUTABLE: /usr/bin/python3
[1.338s] -- Using PYTHON_INCLUDE_DIRS: /usr/include/python3.6m
[1.338s] -- Using PYTHON_LIBRARIES: /usr/lib/x86_64-linux-gnu/libpython3.6m.so
[1.351s] -- Found PythonExtra: .so  
[1.413s] -- Found ament_lint_auto: 0.7.12 (/opt/ros/dashing/share/ament_lint_auto/cmake)
[1.423s] -- Added test 'lint_cmake' to check CMake code style
[1.423s] -- Added test 'xmllint' to check XML markup files
[1.425s] -- Configuring done
[1.442s] -- Generating done
[1.443s] -- Build files have been written to: /home/dongri/ros_training_ws/training1/build/turtle_msg
[1.447s] Invoked command in '/home/dongri/ros_training_ws/training1/build/turtle_msg' returned '0': CMAKE_PREFIX_PATH=/opt/ros/dashing /usr/bin/cmake /home/dongri/ros_training_ws/training1/src/turtle_msg -DCMAKE_INSTALL_PREFIX=/home/dongri/ros_training_ws/training1/install/turtle_msg
[1.449s] Invoking command in '/home/dongri/ros_training_ws/training1/build/turtle_msg': CMAKE_PREFIX_PATH=/opt/ros/dashing /usr/bin/cmake --build /home/dongri/ros_training_ws/training1/build/turtle_msg -- -j8 -l8
[1.473s] [35m[1mScanning dependencies of target turtle_msg__cpp[0m
[1.474s] [  3%] [34m[1mGenerating C code for ROS interfaces[0m
[1.480s] [  6%] [34m[1mGenerating C++ code for ROS interfaces[0m
[1.632s] [  6%] Built target turtle_msg__cpp
[1.635s] [35m[1mScanning dependencies of target turtle_msg__rosidl_generator_c[0m
[1.641s] [ 13%] [34m[1mGenerating C++ type support for eProsima Fast-RTPS[0m
[1.641s] [ 13%] [34m[1mGenerating C++ introspection for ROS interfaces[0m
[1.643s] [ 17%] [32mBuilding C object CMakeFiles/turtle_msg__rosidl_generator_c.dir/rosidl_generator_c/turtle_msg/msg/custom__functions.c.o[0m
[1.666s] [ 20%] [32m[1mLinking C shared library libturtle_msg__rosidl_generator_c.so[0m
[1.688s] [ 20%] Built target turtle_msg__rosidl_generator_c
[1.694s] [ 24%] [34m[1mGenerating C introspection for ROS interfaces[0m
[1.796s] [35m[1mScanning dependencies of target turtle_msg__rosidl_typesupport_introspection_cpp[0m
[1.803s] [ 27%] [32mBuilding CXX object CMakeFiles/turtle_msg__rosidl_typesupport_introspection_cpp.dir/rosidl_typesupport_introspection_cpp/turtle_msg/msg/custom__type_support.cpp.o[0m
[1.823s] [35m[1mScanning dependencies of target turtle_msg__rosidl_typesupport_fastrtps_cpp[0m
[1.834s] [ 31%] [32mBuilding CXX object CMakeFiles/turtle_msg__rosidl_typesupport_fastrtps_cpp.dir/rosidl_typesupport_fastrtps_cpp/turtle_msg/msg/dds_fastrtps/custom__type_support.cpp.o[0m
[1.871s] [35m[1mScanning dependencies of target turtle_msg__rosidl_typesupport_introspection_c[0m
[1.881s] [ 34%] [32mBuilding C object CMakeFiles/turtle_msg__rosidl_typesupport_introspection_c.dir/rosidl_typesupport_introspection_c/turtle_msg/msg/custom__type_support.c.o[0m
[1.901s] [ 37%] [32m[1mLinking C shared library libturtle_msg__rosidl_typesupport_introspection_c.so[0m
[1.924s] [ 37%] Built target turtle_msg__rosidl_typesupport_introspection_c
[1.946s] [ 41%] [32m[1mLinking CXX shared library libturtle_msg__rosidl_typesupport_introspection_cpp.so[0m
[1.972s] [ 41%] Built target turtle_msg__rosidl_typesupport_introspection_cpp
[2.029s] [ 44%] [32m[1mLinking CXX shared library libturtle_msg__rosidl_typesupport_fastrtps_cpp.so[0m
[2.075s] [ 44%] Built target turtle_msg__rosidl_typesupport_fastrtps_cpp
[2.081s] [ 51%] [34m[1mGenerating C type support for eProsima Fast-RTPS[0m
[2.082s] [ 51%] [34m[1mGenerating C++ type support dispatch for ROS interfaces[0m
[2.218s] [35m[1mScanning dependencies of target turtle_msg__rosidl_typesupport_cpp[0m
[2.227s] [ 55%] [32mBuilding CXX object CMakeFiles/turtle_msg__rosidl_typesupport_cpp.dir/rosidl_typesupport_cpp/turtle_msg/msg/custom__type_support.cpp.o[0m
[2.235s] [35m[1mScanning dependencies of target turtle_msg__rosidl_typesupport_fastrtps_c[0m
[2.244s] [ 58%] [32mBuilding CXX object CMakeFiles/turtle_msg__rosidl_typesupport_fastrtps_c.dir/rosidl_typesupport_fastrtps_c/turtle_msg/msg/custom__type_support_c.cpp.o[0m
[2.400s] [ 62%] [32m[1mLinking CXX shared library libturtle_msg__rosidl_typesupport_fastrtps_c.so[0m
[2.407s] [ 65%] [32m[1mLinking CXX shared library libturtle_msg__rosidl_typesupport_cpp.so[0m
[2.459s] [ 65%] Built target turtle_msg__rosidl_typesupport_fastrtps_c
[2.465s] [ 68%] [34m[1mGenerating C type support dispatch for ROS interfaces[0m
[2.466s] [ 68%] Built target turtle_msg__rosidl_typesupport_cpp
[2.596s] [35m[1mScanning dependencies of target turtle_msg__rosidl_typesupport_c[0m
[2.603s] [ 72%] [32mBuilding CXX object CMakeFiles/turtle_msg__rosidl_typesupport_c.dir/rosidl_typesupport_c/turtle_msg/msg/custom__type_support.cpp.o[0m
[2.621s] [ 75%] [32m[1mLinking CXX shared library libturtle_msg__rosidl_typesupport_c.so[0m
[2.656s] [ 75%] Built target turtle_msg__rosidl_typesupport_c
[2.663s] [35m[1mScanning dependencies of target turtle_msg[0m
[2.670s] [ 75%] Built target turtle_msg
[2.678s] [35m[1mScanning dependencies of target turtle_msg__py[0m
[2.685s] [ 79%] [34m[1mGenerating Python code for ROS interfaces[0m
[2.898s] [ 79%] Built target turtle_msg__py
[2.905s] [35m[1mScanning dependencies of target turtle_msg__python[0m
[2.915s] [ 82%] [32mBuilding C object CMakeFiles/turtle_msg__python.dir/rosidl_generator_py/turtle_msg/msg/_custom_s.c.o[0m
[2.960s] [ 86%] [32m[1mLinking C shared library rosidl_generator_py/turtle_msg/libturtle_msg__python.so[0m
[2.989s] [ 86%] Built target turtle_msg__python
[2.996s] [35m[1mScanning dependencies of target turtle_msg__rosidl_typesupport_c__pyext[0m
[2.996s] [35m[1mScanning dependencies of target turtle_msg__rosidl_typesupport_fastrtps_c__pyext[0m
[3.006s] [ 89%] [32mBuilding C object CMakeFiles/turtle_msg__rosidl_typesupport_c__pyext.dir/rosidl_generator_py/turtle_msg/_turtle_msg_s.ep.rosidl_typesupport_c.c.o[0m
[3.007s] [ 93%] [32mBuilding C object CMakeFiles/turtle_msg__rosidl_typesupport_fastrtps_c__pyext.dir/rosidl_generator_py/turtle_msg/_turtle_msg_s.ep.rosidl_typesupport_fastrtps_c.c.o[0m
[3.055s] [100%] [32m[1mLinking C shared library rosidl_generator_py/turtle_msg/turtle_msg_s__rosidl_typesupport_c.cpython-36m-x86_64-linux-gnu.so[0m
[3.055s] [100%] [32m[1mLinking C shared library rosidl_generator_py/turtle_msg/turtle_msg_s__rosidl_typesupport_fastrtps_c.cpython-36m-x86_64-linux-gnu.so[0m
[3.082s] [100%] Built target turtle_msg__rosidl_typesupport_fastrtps_c__pyext
[3.082s] [100%] Built target turtle_msg__rosidl_typesupport_c__pyext
[3.089s] Invoked command in '/home/dongri/ros_training_ws/training1/build/turtle_msg' returned '0': CMAKE_PREFIX_PATH=/opt/ros/dashing /usr/bin/cmake --build /home/dongri/ros_training_ws/training1/build/turtle_msg -- -j8 -l8
[3.125s] Invoking command in '/home/dongri/ros_training_ws/training1/build/turtle_msg': CMAKE_PREFIX_PATH=/opt/ros/dashing /usr/bin/cmake --build /home/dongri/ros_training_ws/training1/build/turtle_msg --target install -- -j8 -l8
[3.157s] [  6%] Built target turtle_msg__cpp
[3.157s] [ 13%] Built target turtle_msg__rosidl_generator_c
[3.172s] [ 24%] Built target turtle_msg__rosidl_typesupport_introspection_c
[3.174s] [ 44%] Built target turtle_msg__rosidl_typesupport_fastrtps_cpp
[3.174s] [ 44%] Built target turtle_msg__rosidl_typesupport_introspection_cpp
[3.189s] [ 65%] Built target turtle_msg__rosidl_typesupport_fastrtps_c
[3.189s] [ 65%] Built target turtle_msg__rosidl_typesupport_cpp
[3.204s] [ 75%] Built target turtle_msg__rosidl_typesupport_c
[3.217s] [ 75%] Built target turtle_msg
[3.231s] [ 79%] Built target turtle_msg__py
[3.247s] [ 86%] Built target turtle_msg__python
[3.263s] [100%] Built target turtle_msg__rosidl_typesupport_c__pyext
[3.263s] [100%] Built target turtle_msg__rosidl_typesupport_fastrtps_c__pyext
[3.275s] [36mInstall the project...[0m
[3.280s] -- Install configuration: ""
[3.280s] -- Installing: /home/dongri/ros_training_ws/training1/install/turtle_msg/share/ament_index/resource_index/rosidl_interfaces/turtle_msg
[3.280s] -- Installing: /home/dongri/ros_training_ws/training1/install/turtle_msg/include/turtle_msg
[3.280s] -- Installing: /home/dongri/ros_training_ws/training1/install/turtle_msg/include/turtle_msg/msg
[3.281s] -- Installing: /home/dongri/ros_training_ws/training1/install/turtle_msg/include/turtle_msg/msg/custom__struct.hpp
[3.281s] -- Installing: /home/dongri/ros_training_ws/training1/install/turtle_msg/include/turtle_msg/msg/custom__traits.hpp
[3.281s] -- Installing: /home/dongri/ros_training_ws/training1/install/turtle_msg/include/turtle_msg/msg/custom.hpp
[3.281s] -- Up-to-date: /home/dongri/ros_training_ws/training1/install/turtle_msg/include/turtle_msg
[3.281s] -- Up-to-date: /home/dongri/ros_training_ws/training1/install/turtle_msg/include/turtle_msg/msg
[3.281s] -- Installing: /home/dongri/ros_training_ws/training1/install/turtle_msg/include/turtle_msg/msg/custom__type_support.h
[3.281s] -- Installing: /home/dongri/ros_training_ws/training1/install/turtle_msg/include/turtle_msg/msg/custom__struct.h
[3.281s] -- Installing: /home/dongri/ros_training_ws/training1/install/turtle_msg/include/turtle_msg/msg/rosidl_generator_c__visibility_control.h
[3.281s] -- Installing: /home/dongri/ros_training_ws/training1/install/turtle_msg/include/turtle_msg/msg/custom.h
[3.281s] -- Installing: /home/dongri/ros_training_ws/training1/install/turtle_msg/include/turtle_msg/msg/custom__functions.c
[3.281s] -- Installing: /home/dongri/ros_training_ws/training1/install/turtle_msg/include/turtle_msg/msg/custom__functions.h
[3.281s] -- Installing: /home/dongri/ros_training_ws/training1/install/turtle_msg/share/turtle_msg/environment/library_path.sh
[3.282s] -- Installing: /home/dongri/ros_training_ws/training1/install/turtle_msg/lib/libturtle_msg__rosidl_generator_c.so
[3.282s] -- Set runtime path of "/home/dongri/ros_training_ws/training1/install/turtle_msg/lib/libturtle_msg__rosidl_generator_c.so" to ""
[3.282s] -- Installing: /home/dongri/ros_training_ws/training1/install/turtle_msg/lib/libturtle_msg__rosidl_typesupport_c.so
[3.282s] -- Set runtime path of "/home/dongri/ros_training_ws/training1/install/turtle_msg/lib/libturtle_msg__rosidl_typesupport_c.so" to ""
[3.282s] -- Installing: /home/dongri/ros_training_ws/training1/install/turtle_msg/lib/libturtle_msg__rosidl_typesupport_cpp.so
[3.282s] -- Set runtime path of "/home/dongri/ros_training_ws/training1/install/turtle_msg/lib/libturtle_msg__rosidl_typesupport_cpp.so" to ""
[3.282s] -- Up-to-date: /home/dongri/ros_training_ws/training1/install/turtle_msg/include/turtle_msg
[3.282s] -- Up-to-date: /home/dongri/ros_training_ws/training1/install/turtle_msg/include/turtle_msg/msg
[3.282s] -- Installing: /home/dongri/ros_training_ws/training1/install/turtle_msg/include/turtle_msg/msg/custom__rosidl_typesupport_introspection_c.h
[3.282s] -- Installing: /home/dongri/ros_training_ws/training1/install/turtle_msg/include/turtle_msg/msg/custom__type_support.c
[3.282s] -- Installing: /home/dongri/ros_training_ws/training1/install/turtle_msg/include/turtle_msg/msg/rosidl_typesupport_introspection_c__visibility_control.h
[3.282s] -- Installing: /home/dongri/ros_training_ws/training1/install/turtle_msg/lib/libturtle_msg__rosidl_typesupport_introspection_c.so
[3.283s] -- Set runtime path of "/home/dongri/ros_training_ws/training1/install/turtle_msg/lib/libturtle_msg__rosidl_typesupport_introspection_c.so" to ""
[3.283s] -- Up-to-date: /home/dongri/ros_training_ws/training1/install/turtle_msg/include/turtle_msg
[3.283s] -- Up-to-date: /home/dongri/ros_training_ws/training1/install/turtle_msg/include/turtle_msg/msg
[3.283s] -- Installing: /home/dongri/ros_training_ws/training1/install/turtle_msg/include/turtle_msg/msg/custom__rosidl_typesupport_introspection_cpp.hpp
[3.283s] -- Installing: /home/dongri/ros_training_ws/training1/install/turtle_msg/include/turtle_msg/msg/custom__type_support.cpp
[3.283s] -- Installing: /home/dongri/ros_training_ws/training1/install/turtle_msg/lib/libturtle_msg__rosidl_typesupport_introspection_cpp.so
[3.283s] -- Set runtime path of "/home/dongri/ros_training_ws/training1/install/turtle_msg/lib/libturtle_msg__rosidl_typesupport_introspection_cpp.so" to ""
[3.283s] -- Up-to-date: /home/dongri/ros_training_ws/training1/install/turtle_msg/include/turtle_msg
[3.283s] -- Up-to-date: /home/dongri/ros_training_ws/training1/install/turtle_msg/include/turtle_msg/msg
[3.283s] -- Installing: /home/dongri/ros_training_ws/training1/install/turtle_msg/include/turtle_msg/msg/rosidl_typesupport_fastrtps_c__visibility_control.h
[3.283s] -- Installing: /home/dongri/ros_training_ws/training1/install/turtle_msg/include/turtle_msg/msg/custom__rosidl_typesupport_fastrtps_c.h
[3.284s] -- Installing: /home/dongri/ros_training_ws/training1/install/turtle_msg/lib/libturtle_msg__rosidl_typesupport_fastrtps_c.so
[3.284s] -- Set runtime path of "/home/dongri/ros_training_ws/training1/install/turtle_msg/lib/libturtle_msg__rosidl_typesupport_fastrtps_c.so" to ""
[3.284s] -- Up-to-date: /home/dongri/ros_training_ws/training1/install/turtle_msg/include/turtle_msg
[3.284s] -- Up-to-date: /home/dongri/ros_training_ws/training1/install/turtle_msg/include/turtle_msg/msg
[3.284s] -- Installing: /home/dongri/ros_training_ws/training1/install/turtle_msg/include/turtle_msg/msg/dds_fastrtps
[3.284s] -- Installing: /home/dongri/ros_training_ws/training1/install/turtle_msg/include/turtle_msg/msg/rosidl_typesupport_fastrtps_cpp__visibility_control.h
[3.284s] -- Installing: /home/dongri/ros_training_ws/training1/install/turtle_msg/include/turtle_msg/msg/custom__rosidl_typesupport_fastrtps_cpp.hpp
[3.284s] -- Installing: /home/dongri/ros_training_ws/training1/install/turtle_msg/lib/libturtle_msg__rosidl_typesupport_fastrtps_cpp.so
[3.284s] -- Set runtime path of "/home/dongri/ros_training_ws/training1/install/turtle_msg/lib/libturtle_msg__rosidl_typesupport_fastrtps_cpp.so" to ""
[3.284s] -- Installing: /home/dongri/ros_training_ws/training1/install/turtle_msg/share/turtle_msg/environment/pythonpath.sh
[3.284s] -- Installing: /home/dongri/ros_training_ws/training1/install/turtle_msg/lib/python3.6/site-packages/turtle_msg/__init__.py
[3.303s] Compiling '/home/dongri/ros_training_ws/training1/install/turtle_msg/lib/python3.6/site-packages/turtle_msg/__init__.py'...
[3.305s] -- Installing: /home/dongri/ros_training_ws/training1/install/turtle_msg/lib/python3.6/site-packages/turtle_msg/msg
[3.305s] -- Installing: /home/dongri/ros_training_ws/training1/install/turtle_msg/lib/python3.6/site-packages/turtle_msg/msg/_custom_s.c
[3.305s] -- Installing: /home/dongri/ros_training_ws/training1/install/turtle_msg/lib/python3.6/site-packages/turtle_msg/msg/_custom.py
[3.305s] -- Installing: /home/dongri/ros_training_ws/training1/install/turtle_msg/lib/python3.6/site-packages/turtle_msg/msg/__init__.py
[3.305s] -- Installing: /home/dongri/ros_training_ws/training1/install/turtle_msg/lib/python3.6/site-packages/turtle_msg/turtle_msg_s__rosidl_typesupport_c.cpython-36m-x86_64-linux-gnu.so
[3.305s] -- Set runtime path of "/home/dongri/ros_training_ws/training1/install/turtle_msg/lib/python3.6/site-packages/turtle_msg/turtle_msg_s__rosidl_typesupport_c.cpython-36m-x86_64-linux-gnu.so" to ""
[3.305s] -- Installing: /home/dongri/ros_training_ws/training1/install/turtle_msg/lib/python3.6/site-packages/turtle_msg/turtle_msg_s__rosidl_typesupport_fastrtps_c.cpython-36m-x86_64-linux-gnu.so
[3.305s] -- Set runtime path of "/home/dongri/ros_training_ws/training1/install/turtle_msg/lib/python3.6/site-packages/turtle_msg/turtle_msg_s__rosidl_typesupport_fastrtps_c.cpython-36m-x86_64-linux-gnu.so" to ""
[3.306s] -- Installing: /home/dongri/ros_training_ws/training1/install/turtle_msg/lib/libturtle_msg__python.so
[3.306s] -- Set runtime path of "/home/dongri/ros_training_ws/training1/install/turtle_msg/lib/libturtle_msg__python.so" to ""
[3.306s] -- Installing: /home/dongri/ros_training_ws/training1/install/turtle_msg/share/turtle_msg/msg/Custom.idl
[3.306s] -- Installing: /home/dongri/ros_training_ws/training1/install/turtle_msg/share/turtle_msg/msg/Custom.msg
[3.306s] -- Installing: /home/dongri/ros_training_ws/training1/install/turtle_msg/share/ament_index/resource_index/package_run_dependencies/turtle_msg
[3.306s] -- Installing: /home/dongri/ros_training_ws/training1/install/turtle_msg/share/ament_index/resource_index/parent_prefix_path/turtle_msg
[3.306s] -- Installing: /home/dongri/ros_training_ws/training1/install/turtle_msg/share/turtle_msg/environment/ament_prefix_path.sh
[3.306s] -- Installing: /home/dongri/ros_training_ws/training1/install/turtle_msg/share/turtle_msg/environment/path.sh
[3.306s] -- Installing: /home/dongri/ros_training_ws/training1/install/turtle_msg/share/turtle_msg/local_setup.bash
[3.307s] -- Installing: /home/dongri/ros_training_ws/training1/install/turtle_msg/share/turtle_msg/local_setup.sh
[3.307s] -- Installing: /home/dongri/ros_training_ws/training1/install/turtle_msg/share/turtle_msg/local_setup.zsh
[3.307s] -- Installing: /home/dongri/ros_training_ws/training1/install/turtle_msg/share/ament_index/resource_index/packages/turtle_msg
[3.307s] -- Installing: /home/dongri/ros_training_ws/training1/install/turtle_msg/share/turtle_msg/cmake/rosidl_cmake-extras.cmake
[3.307s] -- Installing: /home/dongri/ros_training_ws/training1/install/turtle_msg/share/turtle_msg/cmake/ament_cmake_export_include_directories-extras.cmake
[3.307s] -- Installing: /home/dongri/ros_training_ws/training1/install/turtle_msg/share/turtle_msg/cmake/ament_cmake_export_libraries-extras.cmake
[3.307s] -- Installing: /home/dongri/ros_training_ws/training1/install/turtle_msg/share/turtle_msg/cmake/turtle_msgConfig.cmake
[3.307s] -- Installing: /home/dongri/ros_training_ws/training1/install/turtle_msg/share/turtle_msg/cmake/turtle_msgConfig-version.cmake
[3.307s] -- Installing: /home/dongri/ros_training_ws/training1/install/turtle_msg/share/turtle_msg/package.xml
[3.309s] Invoked command in '/home/dongri/ros_training_ws/training1/build/turtle_msg' returned '0': CMAKE_PREFIX_PATH=/opt/ros/dashing /usr/bin/cmake --build /home/dongri/ros_training_ws/training1/build/turtle_msg --target install -- -j8 -l8
