Determining if the pthread_create exist failed with the following output:
Change Dir: /home/dongri/ros_training_ws/training1/build/turtle_msg/CMakeFiles/CMakeTmp

Run Build Command:"/usr/bin/make" "cmTC_07bbe/fast"
/usr/bin/make -f CMakeFiles/cmTC_07bbe.dir/build.make CMakeFiles/cmTC_07bbe.dir/build
make[1]: 디렉터리 '/home/dongri/ros_training_ws/training1/build/turtle_msg/CMakeFiles/CMakeTmp' 들어감
Building C object CMakeFiles/cmTC_07bbe.dir/CheckSymbolExists.c.o
/usr/bin/cc    -o CMakeFiles/cmTC_07bbe.dir/CheckSymbolExists.c.o   -c /home/dongri/ros_training_ws/training1/build/turtle_msg/CMakeFiles/CMakeTmp/CheckSymbolExists.c
Linking C executable cmTC_07bbe
/usr/bin/cmake -E cmake_link_script CMakeFiles/cmTC_07bbe.dir/link.txt --verbose=1
/usr/bin/cc      CMakeFiles/cmTC_07bbe.dir/CheckSymbolExists.c.o  -o cmTC_07bbe 
CMakeFiles/cmTC_07bbe.dir/CheckSymbolExists.c.o: In function `main':
CheckSymbolExists.c:(.text+0x1b): undefined reference to `pthread_create'
collect2: error: ld returned 1 exit status
CMakeFiles/cmTC_07bbe.dir/build.make:97: recipe for target 'cmTC_07bbe' failed
make[1]: *** [cmTC_07bbe] Error 1
make[1]: 디렉터리 '/home/dongri/ros_training_ws/training1/build/turtle_msg/CMakeFiles/CMakeTmp' 나감
Makefile:126: recipe for target 'cmTC_07bbe/fast' failed
make: *** [cmTC_07bbe/fast] Error 2

File /home/dongri/ros_training_ws/training1/build/turtle_msg/CMakeFiles/CMakeTmp/CheckSymbolExists.c:
/* */
#include <pthread.h>

int main(int argc, char** argv)
{
  (void)argv;
#ifndef pthread_create
  return ((int*)(&pthread_create))[argc];
#else
  (void)argc;
  return 0;
#endif
}

Determining if the function pthread_create exists in the pthreads failed with the following output:
Change Dir: /home/dongri/ros_training_ws/training1/build/turtle_msg/CMakeFiles/CMakeTmp

Run Build Command:"/usr/bin/make" "cmTC_261e8/fast"
/usr/bin/make -f CMakeFiles/cmTC_261e8.dir/build.make CMakeFiles/cmTC_261e8.dir/build
make[1]: 디렉터리 '/home/dongri/ros_training_ws/training1/build/turtle_msg/CMakeFiles/CMakeTmp' 들어감
Building C object CMakeFiles/cmTC_261e8.dir/CheckFunctionExists.c.o
/usr/bin/cc   -DCHECK_FUNCTION_EXISTS=pthread_create   -o CMakeFiles/cmTC_261e8.dir/CheckFunctionExists.c.o   -c /usr/share/cmake-3.10/Modules/CheckFunctionExists.c
Linking C executable cmTC_261e8
/usr/bin/cmake -E cmake_link_script CMakeFiles/cmTC_261e8.dir/link.txt --verbose=1
/usr/bin/cc  -DCHECK_FUNCTION_EXISTS=pthread_create    CMakeFiles/cmTC_261e8.dir/CheckFunctionExists.c.o  -o cmTC_261e8 -lpthreads 
/usr/bin/ld: cannot find -lpthreads
collect2: error: ld returned 1 exit status
CMakeFiles/cmTC_261e8.dir/build.make:97: recipe for target 'cmTC_261e8' failed
make[1]: *** [cmTC_261e8] Error 1
make[1]: 디렉터리 '/home/dongri/ros_training_ws/training1/build/turtle_msg/CMakeFiles/CMakeTmp' 나감
Makefile:126: recipe for target 'cmTC_261e8/fast' failed
make: *** [cmTC_261e8/fast] Error 2


