[0.088s] DEBUG:colcon:Command line arguments: ['/usr/bin/colcon', 'build']
[0.088s] DEBUG:colcon:Parsed command line arguments: Namespace(allow_overriding=[], ament_cmake_args=None, base_paths=['.'], build_base='build', catkin_cmake_args=None, catkin_skip_building_tests=False, cmake_args=None, cmake_clean_cache=False, cmake_clean_first=False, cmake_force_configure=False, cmake_target=None, cmake_target_skip_unavailable=False, continue_on_error=False, event_handlers=None, executor='parallel', ignore_user_meta=False, install_base='install', log_base=None, log_level=None, main=<bound method BuildVerb.main of <colcon_core.verb.build.BuildVerb object at 0x7f1229fff518>>, merge_install=False, metas=['./colcon.meta'], packages_above=None, packages_above_and_dependencies=None, packages_above_depth=None, packages_end=None, packages_ignore=None, packages_ignore_regex=None, packages_select=None, packages_select_build_failed=False, packages_select_by_dep=None, packages_select_regex=None, packages_select_test_failures=False, packages_skip=None, packages_skip_build_finished=False, packages_skip_by_dep=None, packages_skip_regex=None, packages_skip_test_passed=False, packages_skip_up_to=None, packages_start=None, packages_up_to=None, packages_up_to_regex=None, parallel_workers=8, paths=None, symlink_install=False, test_result_base=None, verb_extension=<colcon_core.verb.build.BuildVerb object at 0x7f1229fff518>, verb_name='build', verb_parser=<colcon_defaults.argument_parser.defaults.DefaultArgumentsDecorator object at 0x7f1229fff860>)
[0.092s] Level 1:colcon.colcon_core.package_discovery:discover_packages(colcon_meta) check parameters
[0.092s] Level 1:colcon.colcon_core.package_discovery:discover_packages(recursive) check parameters
[0.092s] Level 1:colcon.colcon_core.package_discovery:discover_packages(ignore) check parameters
[0.092s] Level 1:colcon.colcon_core.package_discovery:discover_packages(path) check parameters
[0.092s] Level 1:colcon.colcon_core.package_discovery:discover_packages(colcon_meta) discover
[0.092s] Level 1:colcon.colcon_core.package_discovery:discover_packages(recursive) discover
[0.092s] INFO:colcon.colcon_core.package_discovery:Crawling recursively for packages in '/home/dongri/ros_training_ws/training1'
[0.092s] Level 1:colcon.colcon_core.package_identification:_identify(.) by extensions ['ignore', 'ignore_ament_install']
[0.092s] Level 1:colcon.colcon_core.package_identification:_identify(.) by extension 'ignore'
[0.092s] Level 1:colcon.colcon_core.package_identification:_identify(.) by extension 'ignore_ament_install'
[0.092s] Level 1:colcon.colcon_core.package_identification:_identify(.) by extensions ['colcon_pkg']
[0.092s] Level 1:colcon.colcon_core.package_identification:_identify(.) by extension 'colcon_pkg'
[0.092s] Level 1:colcon.colcon_core.package_identification:_identify(.) by extensions ['colcon_meta']
[0.092s] Level 1:colcon.colcon_core.package_identification:_identify(.) by extension 'colcon_meta'
[0.092s] Level 1:colcon.colcon_core.package_identification:_identify(.) by extensions ['ros']
[0.092s] Level 1:colcon.colcon_core.package_identification:_identify(.) by extension 'ros'
[0.099s] Level 1:colcon.colcon_core.package_identification:_identify(.) by extensions ['cmake', 'python']
[0.099s] Level 1:colcon.colcon_core.package_identification:_identify(.) by extension 'cmake'
[0.099s] Level 1:colcon.colcon_core.package_identification:_identify(.) by extension 'python'
[0.099s] Level 1:colcon.colcon_core.package_identification:_identify(.) by extensions ['python_setup_py']
[0.099s] Level 1:colcon.colcon_core.package_identification:_identify(.) by extension 'python_setup_py'
[0.100s] Level 1:colcon.colcon_core.package_identification:_identify(build) by extensions ['ignore', 'ignore_ament_install']
[0.100s] Level 1:colcon.colcon_core.package_identification:_identify(build) by extension 'ignore'
[0.100s] Level 1:colcon.colcon_core.package_identification:_identify(build) ignored
[0.100s] Level 1:colcon.colcon_core.package_identification:_identify(install) by extensions ['ignore', 'ignore_ament_install']
[0.100s] Level 1:colcon.colcon_core.package_identification:_identify(install) by extension 'ignore'
[0.100s] Level 1:colcon.colcon_core.package_identification:_identify(install) ignored
[0.100s] Level 1:colcon.colcon_core.package_identification:_identify(log) by extensions ['ignore', 'ignore_ament_install']
[0.100s] Level 1:colcon.colcon_core.package_identification:_identify(log) by extension 'ignore'
[0.100s] Level 1:colcon.colcon_core.package_identification:_identify(log) ignored
[0.100s] Level 1:colcon.colcon_core.package_identification:_identify(src) by extensions ['ignore', 'ignore_ament_install']
[0.100s] Level 1:colcon.colcon_core.package_identification:_identify(src) by extension 'ignore'
[0.100s] Level 1:colcon.colcon_core.package_identification:_identify(src) by extension 'ignore_ament_install'
[0.100s] Level 1:colcon.colcon_core.package_identification:_identify(src) by extensions ['colcon_pkg']
[0.100s] Level 1:colcon.colcon_core.package_identification:_identify(src) by extension 'colcon_pkg'
[0.100s] Level 1:colcon.colcon_core.package_identification:_identify(src) by extensions ['colcon_meta']
[0.100s] Level 1:colcon.colcon_core.package_identification:_identify(src) by extension 'colcon_meta'
[0.100s] Level 1:colcon.colcon_core.package_identification:_identify(src) by extensions ['ros']
[0.100s] Level 1:colcon.colcon_core.package_identification:_identify(src) by extension 'ros'
[0.100s] Level 1:colcon.colcon_core.package_identification:_identify(src) by extensions ['cmake', 'python']
[0.100s] Level 1:colcon.colcon_core.package_identification:_identify(src) by extension 'cmake'
[0.100s] Level 1:colcon.colcon_core.package_identification:_identify(src) by extension 'python'
[0.100s] Level 1:colcon.colcon_core.package_identification:_identify(src) by extensions ['python_setup_py']
[0.100s] Level 1:colcon.colcon_core.package_identification:_identify(src) by extension 'python_setup_py'
[0.100s] Level 1:colcon.colcon_core.package_identification:_identify(src/training1_turtlesim) by extensions ['ignore', 'ignore_ament_install']
[0.100s] Level 1:colcon.colcon_core.package_identification:_identify(src/training1_turtlesim) by extension 'ignore'
[0.101s] Level 1:colcon.colcon_core.package_identification:_identify(src/training1_turtlesim) by extension 'ignore_ament_install'
[0.101s] Level 1:colcon.colcon_core.package_identification:_identify(src/training1_turtlesim) by extensions ['colcon_pkg']
[0.101s] Level 1:colcon.colcon_core.package_identification:_identify(src/training1_turtlesim) by extension 'colcon_pkg'
[0.101s] Level 1:colcon.colcon_core.package_identification:_identify(src/training1_turtlesim) by extensions ['colcon_meta']
[0.101s] Level 1:colcon.colcon_core.package_identification:_identify(src/training1_turtlesim) by extension 'colcon_meta'
[0.101s] Level 1:colcon.colcon_core.package_identification:_identify(src/training1_turtlesim) by extensions ['ros']
[0.101s] Level 1:colcon.colcon_core.package_identification:_identify(src/training1_turtlesim) by extension 'ros'
[0.102s] DEBUG:colcon.colcon_core.package_identification:Package 'src/training1_turtlesim' with type 'ros.ament_python' and name 'training1_turtlesim'
[0.102s] Level 1:colcon.colcon_core.package_identification:_identify(src/turtle_msg) by extensions ['ignore', 'ignore_ament_install']
[0.102s] Level 1:colcon.colcon_core.package_identification:_identify(src/turtle_msg) by extension 'ignore'
[0.102s] Level 1:colcon.colcon_core.package_identification:_identify(src/turtle_msg) by extension 'ignore_ament_install'
[0.102s] Level 1:colcon.colcon_core.package_identification:_identify(src/turtle_msg) by extensions ['colcon_pkg']
[0.102s] Level 1:colcon.colcon_core.package_identification:_identify(src/turtle_msg) by extension 'colcon_pkg'
[0.102s] Level 1:colcon.colcon_core.package_identification:_identify(src/turtle_msg) by extensions ['colcon_meta']
[0.102s] Level 1:colcon.colcon_core.package_identification:_identify(src/turtle_msg) by extension 'colcon_meta'
[0.102s] Level 1:colcon.colcon_core.package_identification:_identify(src/turtle_msg) by extensions ['ros']
[0.103s] Level 1:colcon.colcon_core.package_identification:_identify(src/turtle_msg) by extension 'ros'
[0.103s] DEBUG:colcon.colcon_core.package_identification:Package 'src/turtle_msg' with type 'ros.ament_cmake' and name 'turtle_msg'
[0.103s] Level 1:colcon.colcon_core.package_discovery:discover_packages(recursive) using defaults
[0.103s] Level 1:colcon.colcon_core.package_discovery:discover_packages(ignore) discover
[0.103s] Level 1:colcon.colcon_core.package_discovery:discover_packages(ignore) using defaults
[0.103s] Level 1:colcon.colcon_core.package_discovery:discover_packages(path) discover
[0.103s] Level 1:colcon.colcon_core.package_discovery:discover_packages(path) using defaults
[0.120s] Level 5:colcon.colcon_core.verb:set package 'turtle_msg' build argument 'cmake_args' from command line to 'None'
[0.120s] Level 5:colcon.colcon_core.verb:set package 'turtle_msg' build argument 'cmake_target' from command line to 'None'
[0.120s] Level 5:colcon.colcon_core.verb:set package 'turtle_msg' build argument 'cmake_target_skip_unavailable' from command line to 'False'
[0.120s] Level 5:colcon.colcon_core.verb:set package 'turtle_msg' build argument 'cmake_clean_cache' from command line to 'False'
[0.120s] Level 5:colcon.colcon_core.verb:set package 'turtle_msg' build argument 'cmake_clean_first' from command line to 'False'
[0.120s] Level 5:colcon.colcon_core.verb:set package 'turtle_msg' build argument 'cmake_force_configure' from command line to 'False'
[0.120s] Level 5:colcon.colcon_core.verb:set package 'turtle_msg' build argument 'ament_cmake_args' from command line to 'None'
[0.120s] Level 5:colcon.colcon_core.verb:set package 'turtle_msg' build argument 'catkin_cmake_args' from command line to 'None'
[0.120s] Level 5:colcon.colcon_core.verb:set package 'turtle_msg' build argument 'catkin_skip_building_tests' from command line to 'False'
[0.120s] DEBUG:colcon.colcon_core.verb:Building package 'turtle_msg' with the following arguments: {'ament_cmake_args': None, 'build_base': '/home/dongri/ros_training_ws/training1/build/turtle_msg', 'catkin_cmake_args': None, 'catkin_skip_building_tests': False, 'cmake_args': None, 'cmake_clean_cache': False, 'cmake_clean_first': False, 'cmake_force_configure': False, 'cmake_target': None, 'cmake_target_skip_unavailable': False, 'install_base': '/home/dongri/ros_training_ws/training1/install/turtle_msg', 'merge_install': False, 'path': '/home/dongri/ros_training_ws/training1/src/turtle_msg', 'symlink_install': False, 'test_result_base': None}
[0.121s] Level 5:colcon.colcon_core.verb:set package 'training1_turtlesim' build argument 'cmake_args' from command line to 'None'
[0.121s] Level 5:colcon.colcon_core.verb:set package 'training1_turtlesim' build argument 'cmake_target' from command line to 'None'
[0.121s] Level 5:colcon.colcon_core.verb:set package 'training1_turtlesim' build argument 'cmake_target_skip_unavailable' from command line to 'False'
[0.121s] Level 5:colcon.colcon_core.verb:set package 'training1_turtlesim' build argument 'cmake_clean_cache' from command line to 'False'
[0.121s] Level 5:colcon.colcon_core.verb:set package 'training1_turtlesim' build argument 'cmake_clean_first' from command line to 'False'
[0.121s] Level 5:colcon.colcon_core.verb:set package 'training1_turtlesim' build argument 'cmake_force_configure' from command line to 'False'
[0.121s] Level 5:colcon.colcon_core.verb:set package 'training1_turtlesim' build argument 'ament_cmake_args' from command line to 'None'
[0.121s] Level 5:colcon.colcon_core.verb:set package 'training1_turtlesim' build argument 'catkin_cmake_args' from command line to 'None'
[0.121s] Level 5:colcon.colcon_core.verb:set package 'training1_turtlesim' build argument 'catkin_skip_building_tests' from command line to 'False'
[0.121s] DEBUG:colcon.colcon_core.verb:Building package 'training1_turtlesim' with the following arguments: {'ament_cmake_args': None, 'build_base': '/home/dongri/ros_training_ws/training1/build/training1_turtlesim', 'catkin_cmake_args': None, 'catkin_skip_building_tests': False, 'cmake_args': None, 'cmake_clean_cache': False, 'cmake_clean_first': False, 'cmake_force_configure': False, 'cmake_target': None, 'cmake_target_skip_unavailable': False, 'install_base': '/home/dongri/ros_training_ws/training1/install/training1_turtlesim', 'merge_install': False, 'path': '/home/dongri/ros_training_ws/training1/src/training1_turtlesim', 'symlink_install': False, 'test_result_base': None}
[0.122s] INFO:colcon.colcon_core.executor:Executing jobs using 'parallel' executor
[0.124s] DEBUG:colcon.colcon_parallel_executor.executor.parallel:run_until_complete
[0.124s] INFO:colcon.colcon_ros.task.ament_cmake.build:Building ROS package in '/home/dongri/ros_training_ws/training1/src/turtle_msg' with build type 'ament_cmake'
[0.124s] INFO:colcon.colcon_cmake.task.cmake.build:Building CMake package in '/home/dongri/ros_training_ws/training1/src/turtle_msg'
[0.126s] INFO:colcon.colcon_core.plugin_system:Skipping extension 'colcon_core.shell.bat': Not used on non-Windows systems
[0.126s] INFO:colcon.colcon_core.shell:Skip shell extension 'powershell' for command environment: Not usable outside of PowerShell
[0.126s] DEBUG:colcon.colcon_core.shell:Skip shell extension 'dsv' for command environment
[0.132s] DEBUG:colcon.colcon_core.event_handler.log_command:Invoking command in '/home/dongri/ros_training_ws/training1/build/turtle_msg': CMAKE_PREFIX_PATH=/opt/ros/dashing /usr/bin/cmake /home/dongri/ros_training_ws/training1/src/turtle_msg -DCMAKE_INSTALL_PREFIX=/home/dongri/ros_training_ws/training1/install/turtle_msg
[1.571s] DEBUG:colcon.colcon_core.event_handler.log_command:Invoked command in '/home/dongri/ros_training_ws/training1/build/turtle_msg' returned '0': CMAKE_PREFIX_PATH=/opt/ros/dashing /usr/bin/cmake /home/dongri/ros_training_ws/training1/src/turtle_msg -DCMAKE_INSTALL_PREFIX=/home/dongri/ros_training_ws/training1/install/turtle_msg
[1.573s] DEBUG:colcon.colcon_core.event_handler.log_command:Invoking command in '/home/dongri/ros_training_ws/training1/build/turtle_msg': CMAKE_PREFIX_PATH=/opt/ros/dashing /usr/bin/cmake --build /home/dongri/ros_training_ws/training1/build/turtle_msg -- -j8 -l8
[3.213s] DEBUG:colcon.colcon_core.event_handler.log_command:Invoked command in '/home/dongri/ros_training_ws/training1/build/turtle_msg' returned '0': CMAKE_PREFIX_PATH=/opt/ros/dashing /usr/bin/cmake --build /home/dongri/ros_training_ws/training1/build/turtle_msg -- -j8 -l8
[3.249s] DEBUG:colcon.colcon_core.event_handler.log_command:Invoking command in '/home/dongri/ros_training_ws/training1/build/turtle_msg': CMAKE_PREFIX_PATH=/opt/ros/dashing /usr/bin/cmake --build /home/dongri/ros_training_ws/training1/build/turtle_msg --target install -- -j8 -l8
[3.434s] Level 1:colcon.colcon_core.environment:create_environment_scripts_only(turtle_msg)
[3.434s] DEBUG:colcon.colcon_core.event_handler.log_command:Invoked command in '/home/dongri/ros_training_ws/training1/build/turtle_msg' returned '0': CMAKE_PREFIX_PATH=/opt/ros/dashing /usr/bin/cmake --build /home/dongri/ros_training_ws/training1/build/turtle_msg --target install -- -j8 -l8
[3.436s] Level 1:colcon.colcon_core.environment:checking '/home/dongri/ros_training_ws/training1/install/turtle_msg' for CMake module files
[3.437s] Level 1:colcon.colcon_core.environment:checking '/home/dongri/ros_training_ws/training1/install/turtle_msg' for CMake config files
[3.437s] Level 1:colcon.colcon_core.shell:create_environment_hook('turtle_msg', 'cmake_prefix_path')
[3.437s] INFO:colcon.colcon_core.shell:Creating environment hook '/home/dongri/ros_training_ws/training1/install/turtle_msg/share/turtle_msg/hook/cmake_prefix_path.ps1'
[3.438s] INFO:colcon.colcon_core.shell:Creating environment descriptor '/home/dongri/ros_training_ws/training1/install/turtle_msg/share/turtle_msg/hook/cmake_prefix_path.dsv'
[3.438s] INFO:colcon.colcon_core.shell:Creating environment hook '/home/dongri/ros_training_ws/training1/install/turtle_msg/share/turtle_msg/hook/cmake_prefix_path.sh'
[3.439s] Level 1:colcon.colcon_core.environment:checking '/home/dongri/ros_training_ws/training1/install/turtle_msg/lib'
[3.439s] Level 1:colcon.colcon_core.shell:create_environment_hook('turtle_msg', 'ld_library_path_lib')
[3.439s] INFO:colcon.colcon_core.shell:Creating environment hook '/home/dongri/ros_training_ws/training1/install/turtle_msg/share/turtle_msg/hook/ld_library_path_lib.ps1'
[3.439s] INFO:colcon.colcon_core.shell:Creating environment descriptor '/home/dongri/ros_training_ws/training1/install/turtle_msg/share/turtle_msg/hook/ld_library_path_lib.dsv'
[3.439s] INFO:colcon.colcon_core.shell:Creating environment hook '/home/dongri/ros_training_ws/training1/install/turtle_msg/share/turtle_msg/hook/ld_library_path_lib.sh'
[3.440s] Level 1:colcon.colcon_core.environment:checking '/home/dongri/ros_training_ws/training1/install/turtle_msg/bin'
[3.440s] Level 1:colcon.colcon_core.environment:checking '/home/dongri/ros_training_ws/training1/install/turtle_msg/lib/pkgconfig/turtle_msg.pc'
[3.440s] Level 1:colcon.colcon_core.environment:checking '/home/dongri/ros_training_ws/training1/install/turtle_msg/lib/python3.6/site-packages'
[3.440s] Level 1:colcon.colcon_core.shell:create_environment_hook('turtle_msg', 'pythonpath')
[3.440s] INFO:colcon.colcon_core.shell:Creating environment hook '/home/dongri/ros_training_ws/training1/install/turtle_msg/share/turtle_msg/hook/pythonpath.ps1'
[3.440s] INFO:colcon.colcon_core.shell:Creating environment descriptor '/home/dongri/ros_training_ws/training1/install/turtle_msg/share/turtle_msg/hook/pythonpath.dsv'
[3.440s] INFO:colcon.colcon_core.shell:Creating environment hook '/home/dongri/ros_training_ws/training1/install/turtle_msg/share/turtle_msg/hook/pythonpath.sh'
[3.441s] INFO:colcon.colcon_core.shell:Creating package script '/home/dongri/ros_training_ws/training1/install/turtle_msg/share/turtle_msg/package.ps1'
[3.441s] INFO:colcon.colcon_core.shell:Creating package descriptor '/home/dongri/ros_training_ws/training1/install/turtle_msg/share/turtle_msg/package.dsv'
[3.442s] INFO:colcon.colcon_core.shell:Creating package script '/home/dongri/ros_training_ws/training1/install/turtle_msg/share/turtle_msg/package.sh'
[3.442s] INFO:colcon.colcon_core.shell:Creating package script '/home/dongri/ros_training_ws/training1/install/turtle_msg/share/turtle_msg/package.bash'
[3.443s] INFO:colcon.colcon_core.shell:Creating package script '/home/dongri/ros_training_ws/training1/install/turtle_msg/share/turtle_msg/package.zsh'
[3.443s] Level 1:colcon.colcon_core.environment:create_file_with_runtime_dependencies(/home/dongri/ros_training_ws/training1/install/turtle_msg/share/colcon-core/packages/turtle_msg)
[3.473s] Level 1:colcon.colcon_core.environment:create_environment_scripts_only(turtle_msg)
[3.474s] Level 1:colcon.colcon_core.environment:checking '/home/dongri/ros_training_ws/training1/install/turtle_msg' for CMake module files
[3.474s] Level 1:colcon.colcon_core.environment:checking '/home/dongri/ros_training_ws/training1/install/turtle_msg' for CMake config files
[3.475s] Level 1:colcon.colcon_core.shell:create_environment_hook('turtle_msg', 'cmake_prefix_path')
[3.475s] INFO:colcon.colcon_core.shell:Creating environment hook '/home/dongri/ros_training_ws/training1/install/turtle_msg/share/turtle_msg/hook/cmake_prefix_path.ps1'
[3.475s] INFO:colcon.colcon_core.shell:Creating environment descriptor '/home/dongri/ros_training_ws/training1/install/turtle_msg/share/turtle_msg/hook/cmake_prefix_path.dsv'
[3.475s] INFO:colcon.colcon_core.shell:Creating environment hook '/home/dongri/ros_training_ws/training1/install/turtle_msg/share/turtle_msg/hook/cmake_prefix_path.sh'
[3.476s] Level 1:colcon.colcon_core.environment:checking '/home/dongri/ros_training_ws/training1/install/turtle_msg/lib'
[3.476s] Level 1:colcon.colcon_core.shell:create_environment_hook('turtle_msg', 'ld_library_path_lib')
[3.476s] INFO:colcon.colcon_core.shell:Creating environment hook '/home/dongri/ros_training_ws/training1/install/turtle_msg/share/turtle_msg/hook/ld_library_path_lib.ps1'
[3.476s] INFO:colcon.colcon_core.shell:Creating environment descriptor '/home/dongri/ros_training_ws/training1/install/turtle_msg/share/turtle_msg/hook/ld_library_path_lib.dsv'
[3.477s] INFO:colcon.colcon_core.shell:Creating environment hook '/home/dongri/ros_training_ws/training1/install/turtle_msg/share/turtle_msg/hook/ld_library_path_lib.sh'
[3.477s] Level 1:colcon.colcon_core.environment:checking '/home/dongri/ros_training_ws/training1/install/turtle_msg/bin'
[3.477s] Level 1:colcon.colcon_core.environment:checking '/home/dongri/ros_training_ws/training1/install/turtle_msg/lib/pkgconfig/turtle_msg.pc'
[3.477s] Level 1:colcon.colcon_core.environment:checking '/home/dongri/ros_training_ws/training1/install/turtle_msg/lib/python3.6/site-packages'
[3.477s] Level 1:colcon.colcon_core.shell:create_environment_hook('turtle_msg', 'pythonpath')
[3.477s] INFO:colcon.colcon_core.shell:Creating environment hook '/home/dongri/ros_training_ws/training1/install/turtle_msg/share/turtle_msg/hook/pythonpath.ps1'
[3.477s] INFO:colcon.colcon_core.shell:Creating environment descriptor '/home/dongri/ros_training_ws/training1/install/turtle_msg/share/turtle_msg/hook/pythonpath.dsv'
[3.478s] INFO:colcon.colcon_core.shell:Creating environment hook '/home/dongri/ros_training_ws/training1/install/turtle_msg/share/turtle_msg/hook/pythonpath.sh'
[3.478s] INFO:colcon.colcon_core.shell:Creating package script '/home/dongri/ros_training_ws/training1/install/turtle_msg/share/turtle_msg/package.ps1'
[3.478s] INFO:colcon.colcon_core.shell:Creating package descriptor '/home/dongri/ros_training_ws/training1/install/turtle_msg/share/turtle_msg/package.dsv'
[3.479s] INFO:colcon.colcon_core.shell:Creating package script '/home/dongri/ros_training_ws/training1/install/turtle_msg/share/turtle_msg/package.sh'
[3.479s] INFO:colcon.colcon_core.shell:Creating package script '/home/dongri/ros_training_ws/training1/install/turtle_msg/share/turtle_msg/package.bash'
[3.479s] INFO:colcon.colcon_core.shell:Creating package script '/home/dongri/ros_training_ws/training1/install/turtle_msg/share/turtle_msg/package.zsh'
[3.479s] Level 1:colcon.colcon_core.environment:create_file_with_runtime_dependencies(/home/dongri/ros_training_ws/training1/install/turtle_msg/share/colcon-core/packages/turtle_msg)
[3.479s] INFO:colcon.colcon_ros.task.ament_python.build:Building ROS package in '/home/dongri/ros_training_ws/training1/src/training1_turtlesim' with build type 'ament_python'
[3.480s] Level 1:colcon.colcon_core.shell:create_environment_hook('training1_turtlesim', 'ament_prefix_path')
[3.480s] INFO:colcon.colcon_core.shell:Creating environment hook '/home/dongri/ros_training_ws/training1/install/training1_turtlesim/share/training1_turtlesim/hook/ament_prefix_path.ps1'
[3.480s] INFO:colcon.colcon_core.shell:Creating environment descriptor '/home/dongri/ros_training_ws/training1/install/training1_turtlesim/share/training1_turtlesim/hook/ament_prefix_path.dsv'
[3.481s] INFO:colcon.colcon_core.shell:Creating environment hook '/home/dongri/ros_training_ws/training1/install/training1_turtlesim/share/training1_turtlesim/hook/ament_prefix_path.sh'
[3.481s] INFO:colcon.colcon_core.shell:Skip shell extension 'powershell' for command environment: Not usable outside of PowerShell
[3.481s] DEBUG:colcon.colcon_core.shell:Skip shell extension 'dsv' for command environment
[3.611s] INFO:colcon.colcon_core.task.python.build:Building Python package in '/home/dongri/ros_training_ws/training1/src/training1_turtlesim'
[3.612s] INFO:colcon.colcon_core.shell:Skip shell extension 'powershell' for command environment: Not usable outside of PowerShell
[3.612s] DEBUG:colcon.colcon_core.shell:Skip shell extension 'dsv' for command environment
[3.796s] DEBUG:colcon.colcon_core.event_handler.log_command:Invoking command in '/home/dongri/ros_training_ws/training1/src/training1_turtlesim': AMENT_PREFIX_PATH=/home/dongri/ros_training_ws/training1/install/turtle_msg:${AMENT_PREFIX_PATH} CMAKE_PREFIX_PATH=/home/dongri/ros_training_ws/training1/install/turtle_msg LD_LIBRARY_PATH=/home/dongri/ros_training_ws/training1/install/turtle_msg/lib:${LD_LIBRARY_PATH} PYTHONPATH=/home/dongri/ros_training_ws/training1/install/training1_turtlesim/lib/python3.6/site-packages:/home/dongri/ros_training_ws/training1/install/turtle_msg/lib/python3.6/site-packages:${PYTHONPATH} /usr/bin/python3 setup.py egg_info --egg-base ../../build/training1_turtlesim build --build-base /home/dongri/ros_training_ws/training1/build/training1_turtlesim/build install --prefix /home/dongri/ros_training_ws/training1/install/training1_turtlesim --record /home/dongri/ros_training_ws/training1/build/training1_turtlesim/install.log --single-version-externally-managed
[3.949s] Level 1:colcon.colcon_core.environment:checking '/home/dongri/ros_training_ws/training1/install/training1_turtlesim' for CMake module files
[3.950s] DEBUG:colcon.colcon_core.event_handler.log_command:Invoked command in '/home/dongri/ros_training_ws/training1/src/training1_turtlesim' returned '0': AMENT_PREFIX_PATH=/home/dongri/ros_training_ws/training1/install/turtle_msg:${AMENT_PREFIX_PATH} CMAKE_PREFIX_PATH=/home/dongri/ros_training_ws/training1/install/turtle_msg LD_LIBRARY_PATH=/home/dongri/ros_training_ws/training1/install/turtle_msg/lib:${LD_LIBRARY_PATH} PYTHONPATH=/home/dongri/ros_training_ws/training1/install/training1_turtlesim/lib/python3.6/site-packages:/home/dongri/ros_training_ws/training1/install/turtle_msg/lib/python3.6/site-packages:${PYTHONPATH} /usr/bin/python3 setup.py egg_info --egg-base ../../build/training1_turtlesim build --build-base /home/dongri/ros_training_ws/training1/build/training1_turtlesim/build install --prefix /home/dongri/ros_training_ws/training1/install/training1_turtlesim --record /home/dongri/ros_training_ws/training1/build/training1_turtlesim/install.log --single-version-externally-managed
[3.950s] Level 1:colcon.colcon_core.environment:checking '/home/dongri/ros_training_ws/training1/install/training1_turtlesim' for CMake config files
[3.950s] Level 1:colcon.colcon_core.environment:checking '/home/dongri/ros_training_ws/training1/install/training1_turtlesim/lib'
[3.951s] Level 1:colcon.colcon_core.environment:checking '/home/dongri/ros_training_ws/training1/install/training1_turtlesim/bin'
[3.951s] Level 1:colcon.colcon_core.environment:checking '/home/dongri/ros_training_ws/training1/install/training1_turtlesim/lib/pkgconfig/training1_turtlesim.pc'
[3.951s] Level 1:colcon.colcon_core.environment:checking '/home/dongri/ros_training_ws/training1/install/training1_turtlesim/lib/python3.6/site-packages'
[3.951s] Level 1:colcon.colcon_core.shell:create_environment_hook('training1_turtlesim', 'pythonpath')
[3.951s] INFO:colcon.colcon_core.shell:Creating environment hook '/home/dongri/ros_training_ws/training1/install/training1_turtlesim/share/training1_turtlesim/hook/pythonpath.ps1'
[3.951s] INFO:colcon.colcon_core.shell:Creating environment descriptor '/home/dongri/ros_training_ws/training1/install/training1_turtlesim/share/training1_turtlesim/hook/pythonpath.dsv'
[3.951s] INFO:colcon.colcon_core.shell:Creating environment hook '/home/dongri/ros_training_ws/training1/install/training1_turtlesim/share/training1_turtlesim/hook/pythonpath.sh'
[3.952s] Level 1:colcon.colcon_core.environment:create_environment_scripts_only(training1_turtlesim)
[3.952s] INFO:colcon.colcon_core.shell:Creating package script '/home/dongri/ros_training_ws/training1/install/training1_turtlesim/share/training1_turtlesim/package.ps1'
[3.952s] INFO:colcon.colcon_core.shell:Creating package descriptor '/home/dongri/ros_training_ws/training1/install/training1_turtlesim/share/training1_turtlesim/package.dsv'
[3.952s] INFO:colcon.colcon_core.shell:Creating package script '/home/dongri/ros_training_ws/training1/install/training1_turtlesim/share/training1_turtlesim/package.sh'
[3.953s] INFO:colcon.colcon_core.shell:Creating package script '/home/dongri/ros_training_ws/training1/install/training1_turtlesim/share/training1_turtlesim/package.bash'
[3.953s] INFO:colcon.colcon_core.shell:Creating package script '/home/dongri/ros_training_ws/training1/install/training1_turtlesim/share/training1_turtlesim/package.zsh'
[3.953s] Level 1:colcon.colcon_core.environment:create_file_with_runtime_dependencies(/home/dongri/ros_training_ws/training1/install/training1_turtlesim/share/colcon-core/packages/training1_turtlesim)
[3.953s] DEBUG:colcon.colcon_parallel_executor.executor.parallel:closing loop
[3.954s] DEBUG:colcon.colcon_parallel_executor.executor.parallel:loop closed
[3.954s] DEBUG:colcon.colcon_parallel_executor.executor.parallel:run_until_complete finished with '0'
[3.954s] DEBUG:colcon.colcon_core.event_reactor:joining thread
[3.957s] INFO:colcon.colcon_core.plugin_system:Skipping extension 'colcon_notification.desktop_notification.terminal_notifier': Not used on non-Darwin systems
[3.957s] INFO:colcon.colcon_core.plugin_system:Skipping extension 'colcon_notification.desktop_notification.win32': Not used on non-Windows systems
[3.957s] INFO:colcon.colcon_notification.desktop_notification:Sending desktop notification using 'notify2'
[3.960s] DEBUG:colcon.colcon_core.event_reactor:joined thread
[3.961s] INFO:colcon.colcon_core.shell:Creating prefix script '/home/dongri/ros_training_ws/training1/install/local_setup.ps1'
[3.962s] INFO:colcon.colcon_core.shell:Creating prefix util module '/home/dongri/ros_training_ws/training1/install/_local_setup_util_ps1.py'
[3.963s] INFO:colcon.colcon_core.shell:Creating prefix chain script '/home/dongri/ros_training_ws/training1/install/setup.ps1'
[3.964s] INFO:colcon.colcon_core.shell:Creating prefix script '/home/dongri/ros_training_ws/training1/install/local_setup.sh'
[3.964s] INFO:colcon.colcon_core.shell:Creating prefix util module '/home/dongri/ros_training_ws/training1/install/_local_setup_util_sh.py'
[3.964s] INFO:colcon.colcon_core.shell:Creating prefix chain script '/home/dongri/ros_training_ws/training1/install/setup.sh'
[3.965s] INFO:colcon.colcon_core.shell:Creating prefix script '/home/dongri/ros_training_ws/training1/install/local_setup.bash'
[3.965s] INFO:colcon.colcon_core.shell:Creating prefix chain script '/home/dongri/ros_training_ws/training1/install/setup.bash'
[3.966s] INFO:colcon.colcon_core.shell:Creating prefix script '/home/dongri/ros_training_ws/training1/install/local_setup.zsh'
[3.966s] INFO:colcon.colcon_core.shell:Creating prefix chain script '/home/dongri/ros_training_ws/training1/install/setup.zsh'
